Build started 29.11.2015 23:11:45.
     1>Project "D:\Projekt Tire(D)\Tired 2.0\Tire(d)\Tire(d).vcxproj" on node 2 (Rebuild target(s)).
     1>ClCompile:
         C:\Program Files (x86)\Microsoft Visual Studio 12.0\VC\bin\CL.exe /c /ZI /nologo /W3 /WX- /Od /Oy- /D _MBCS /Gm /EHsc /RTC1 /MDd /GS /fp:precise /Zc:wchar_t /Zc:forScope /Fo"D:\Projekt Tire(D)\Tired 2.0\\temp\Debug_Win32\\" /Fd"D:\Projekt Tire(D)\Tired 2.0\\temp\Debug_Win32\vc120.pdb" /Gd /TP /analyze- /errorReport:prompt GameLogic.cpp IndexBuffer.cpp Mesh.cpp SceneGraph.cpp VertexBuffer.cpp Window.cpp Camera.cpp ContentManager.cpp VertexAttribute.cpp VertexAttributeManager.cpp Model.cpp Resource.cpp ResourceManager.cpp Shader.cpp Texture.cpp Uniform.cpp UniformManager.cpp main.cpp OpenGL.cpp
         OpenGL.cpp
         main.cpp
         UniformManager.cpp
         Uniform.cpp
         Texture.cpp
         Shader.cpp
         ResourceManager.cpp
         Resource.cpp
         Model.cpp
         VertexAttributeManager.cpp
         VertexAttribute.cpp
         ContentManager.cpp
         Camera.cpp
         Window.cpp
         VertexBuffer.cpp
         SceneGraph.cpp
         Mesh.cpp
     1>d:\projekt tire(d)\tired 2.0\tire(d)\mesh.cpp(143): warning C4018: '<' : signed/unsigned mismatch
         IndexBuffer.cpp
         GameLogic.cpp
         Generating Code...
       Link:
         C:\Program Files (x86)\Microsoft Visual Studio 12.0\VC\bin\link.exe /ERRORREPORT:PROMPT /OUT:"D:\Projekt Tire(D)\Tired 2.0\\bin\Tire(d)_Debug_Win32.exe" /INCREMENTAL /NOLOGO kernel32.lib user32.lib gdi32.lib winspool.lib comdlg32.lib advapi32.lib shell32.lib ole32.lib oleaut32.lib uuid.lib odbc32.lib odbccp32.lib /NODEFAULTLIB:MSVCRT /MANIFEST /MANIFESTUAC:"level='asInvoker' uiAccess='false'" /manifest:embed /DEBUG /PDB:"D:\Projekt Tire(D)\Tired 2.0\\bin\Tire(d)_Debug_Win32.pdb" /TLBID:1 /DYNAMICBASE /NXCOMPAT /IMPLIB:"D:\Projekt Tire(D)\Tired 2.0\\bin\Tire(d)_Debug_Win32.lib" /MACHINE:X86 "D:\Projekt Tire(D)\Tired 2.0\\temp\Debug_Win32\GameLogic.obj"
         "D:\Projekt Tire(D)\Tired 2.0\\temp\Debug_Win32\IndexBuffer.obj"
         "D:\Projekt Tire(D)\Tired 2.0\\temp\Debug_Win32\Mesh.obj"
         "D:\Projekt Tire(D)\Tired 2.0\\temp\Debug_Win32\SceneGraph.obj"
         "D:\Projekt Tire(D)\Tired 2.0\\temp\Debug_Win32\VertexBuffer.obj"
         "D:\Projekt Tire(D)\Tired 2.0\\temp\Debug_Win32\Window.obj"
         "D:\Projekt Tire(D)\Tired 2.0\\temp\Debug_Win32\Camera.obj"
         "D:\Projekt Tire(D)\Tired 2.0\\temp\Debug_Win32\ContentManager.obj"
         "D:\Projekt Tire(D)\Tired 2.0\\temp\Debug_Win32\VertexAttribute.obj"
         "D:\Projekt Tire(D)\Tired 2.0\\temp\Debug_Win32\VertexAttributeManager.obj"
         "D:\Projekt Tire(D)\Tired 2.0\\temp\Debug_Win32\Model.obj"
         "D:\Projekt Tire(D)\Tired 2.0\\temp\Debug_Win32\Resource.obj"
         "D:\Projekt Tire(D)\Tired 2.0\\temp\Debug_Win32\ResourceManager.obj"
         "D:\Projekt Tire(D)\Tired 2.0\\temp\Debug_Win32\Shader.obj"
         "D:\Projekt Tire(D)\Tired 2.0\\temp\Debug_Win32\Texture.obj"
         "D:\Projekt Tire(D)\Tired 2.0\\temp\Debug_Win32\Uniform.obj"
         "D:\Projekt Tire(D)\Tired 2.0\\temp\Debug_Win32\UniformManager.obj"
         "D:\Projekt Tire(D)\Tired 2.0\\temp\Debug_Win32\main.obj"
         "D:\Projekt Tire(D)\Tired 2.0\\temp\Debug_Win32\OpenGL.obj"
         Tire(d).vcxproj -> D:\Projekt Tire(D)\Tired 2.0\\bin\Tire(d)_Debug_Win32.exe
       PostBuildEvent:
         cd "D:\Projekt Tire(D)\Tired 2.0\Tire(d)\external\lib"
         copy *.dll "D:\Projekt Tire(D)\Tired 2.0\bin\"
         
         rd "D:\Projekt Tire(D)\Tired 2.0\bin\content\" /S /Q
         md "D:\Projekt Tire(D)\Tired 2.0\bin\content\"
         cd "D:\Projekt Tire(D)\Tired 2.0\Tire(d)\content"
         xcopy * "D:\Projekt Tire(D)\Tired 2.0\bin\content\" /E /Y
         
         exit 0
         :VCEnd
         Assimp32.dll
         glew32.dll
         GLFW.dll
                 3 Datei(en) kopiert.
         D:meshes\quad.txt
         D:meshes\tire.3ds
         D:meshes\triangle.txt
         D:scene\scene1.txt
         D:shader\SimpleShader.f.glsl
         D:shader\SimpleShader.v.glsl
         D:shader\TextureShader.f.glsl
         D:shader\TextureShader.v.glsl
         D:textures\GrillMetal.tga
         D:textures\tire_texture.tga
         10 Datei(en) kopiert
     1>Done Building Project "D:\Projekt Tire(D)\Tired 2.0\Tire(d)\Tire(d).vcxproj" (Rebuild target(s)).

Build succeeded.

Time Elapsed 00:00:09.38
